<?xml version="1.0" encoding="UTF-8"?>
<!-- Generated by org.testng.reporters.JUnitXMLReporter -->
<testsuite ignored="0" hostname="KarthikHome" failures="0" tests="5" name="Default test" time="8.687" errors="0" timestamp="2023-08-21T09:31:25 IST">
  <testcase classname="api.TestClassAPi" name="restBookerCreate" time="3.476"/>
  <testcase classname="api.TestClassAPi" name="createToken" time="1.325"/>
  <testcase classname="api.TestClassAPi" name="restBooker_Get" time="1.282"/>
  <testcase classname="api.TestClassAPi" name="restBooker_Put" time="1.256"/>
  <testcase classname="api.TestClassAPi" name="restBooker_Delete" time="1.293"/>
</testsuite> <!-- Default test -->
