<?xml version="1.0" encoding="UTF-8"?>
<!-- Generated by org.testng.reporters.JUnitXMLReporter -->
<testsuite ignored="0" hostname="KarthikHome" failures="0" tests="5" name="CRUD" time="8.398" errors="0" timestamp="2023-08-21T09:38:14 IST">
  <testcase classname="api.TestClassAPi" name="restBookerCreate" time="3.22"/>
  <testcase classname="api.TestClassAPi" name="createToken" time="1.298"/>
  <testcase classname="api.TestClassAPi" name="restBooker_Get" time="1.285"/>
  <testcase classname="api.TestClassAPi" name="restBooker_Put" time="1.286"/>
  <testcase classname="api.TestClassAPi" name="restBooker_Delete" time="1.256"/>
</testsuite> <!-- CRUD -->
